Removed Pin From Net: NetName=GND Pin=C1-1
Removed Pin From Net: NetName=24V Pin=C1-2
Removed Pin From Net: NetName=GND Pin=C2-2
Removed Pin From Net: NetName=24V Pin=E1-1
Removed Pin From Net: NetName=GND Pin=E1-2
Removed Pin From Net: NetName=GND Pin=E2-2
Removed Pin From Net: NetName=24V Pin=L7812-1
Removed Pin From Net: NetName=GND Pin=L7812-2
Removed Pin From Net: NetName=48V Pin=N1-1
Removed Pin From Net: NetName=GND Pin=N1-2
Removed Member From Class: ClassName=Drone_Powerv2.0 Member=V14
Change Component Designator: OldDesignator=Judge NewDesignator=P1
Change Component Designator: OldDesignator=M1 NewDesignator=V7
Change Component Designator: OldDesignator=M2 NewDesignator=V8
Change Component Designator: OldDesignator=M3 NewDesignator=V3
Change Component Designator: OldDesignator=M4 NewDesignator=V4
Change Component Designator: OldDesignator=UART NewDesignator=P3
Change Component Designator: OldDesignator=V14 NewDesignator=Judge
Change Component Designator: OldDesignator=V17 NewDesignator=Guidance
Added Component: Designator=N3(TX60PW-F20)
Added Component: Designator=Power1(TX60UPB-F)
Added Pin To Net: NetName=48V Pin=N3-1
Added Pin To Net: NetName=GND Pin=N3-2
Added Pin To Net: NetName=48V Pin=Power1-1
Added Pin To Net: NetName=24V Pin=Power1-2
Added Pin To Net: NetName=24V Pin=S1-2
Added Member To Class: ClassName=Drone_Powerv2.0 Member=Component JTAG
Added Member To Class: ClassName=Drone_Powerv2.0 Member=Component Motor1 XT60
Added Member To Class: ClassName=Drone_Powerv2.0 Member=Component Motor2 XT60
Added Member To Class: ClassName=Drone_Powerv2.0 Member=Component Motor3 XT60
Added Member To Class: ClassName=Drone_Powerv2.0 Member=Component Motor4 XT60
Added Member To Class: ClassName=Drone_Powerv2.0 Member=Component N3 XT60
Added Member To Class: ClassName=Drone_Powerv2.0 Member=Component P1 BM04B-GHS-TBT(LF)(SN)
Added Member To Class: ClassName=Drone_Powerv2.0 Member=Component Power1 XT60
Added Room: Name=Drone_Powerv2.0
